2022-03-08 14:57:53 INFO  LibraryMain:39 - Test info log
2022-03-08 18:40:06 INFO  Menu:201 - 0 Успешный вход в систему. Роль: читатель.
2022-03-08 18:40:29 INFO  Menu:201 - 0 Успешный вход в систему. Роль: читатель.
2022-03-08 18:42:05 INFO  ClientMenu:64 - 0 Успешный вход в систему. Роль: читатель.
2022-03-08 18:43:56 INFO  Menu:201 - 0 Изменения приняты
2022-03-08 18:44:09 INFO  Menu:201 - 0 ФИО: Ivanov Ivan длорпав    Пароль: aaaa1111   E-mail: a@a.a   Возраст: 15   Дата регистрации: 2022-03-08 18:41:58   Статус: Начинающий
2022-03-08 18:44:32 INFO  Menu:201 - 0 Название: E-Library   URL: http://elibrary.com   e-mail: e-library@gmail.com
2022-03-08 18:44:56 INFO  Menu:201 - 0 Книга  -     Код: 2   Название: Война и мир   Язык: русский   Автор: Толстой Л.Н.   [2] Жанр: Роман  (описание: художественное произведение большого объема)
Книга  -     Код: 1   Название: Хирургия   Язык: русский   Автор: Чехов А.П.   [1] Жанр: Юмор  (описание: смешное художественное произведение)
2022-03-08 18:46:25 INFO  Menu:201 - 0 Неверный код книги
2022-03-08 18:46:33 INFO  Menu:201 - 0 Отзывы (2, Война и мир):
Отзывов нет
2022-03-08 18:46:40 INFO  Menu:201 - 0 Отзывы (1, Хирургия):
good
2022-03-08 18:50:22 INFO  Menu:201 - 0 Отзыв успешно добавлен
2022-03-08 18:50:27 INFO  Menu:201 - 0 Отзывы (1, Хирургия):
good
тшсу
2022-03-08 18:50:38 INFO  Menu:201 - 0 Учебное пособие  -     Код: 3   Название: Биология 5 кл.   Язык: русский   Предмет: Биология   Тип: Учебник   Автор: Автор1 А.Б., Автор2 В.Г.
2022-03-08 18:50:42 INFO  Menu:201 - 0 Неверный код учебного материала
2022-03-08 18:50:47 INFO  Menu:201 - 0 Отзывы (3, Биология 5 кл.):
Отзывов нет
2022-03-08 18:51:09 INFO  Menu:201 - 0 Отзыв успешно добавлен
2022-03-08 18:51:13 INFO  Menu:201 - 0 Отзывы (3, Биология 5 кл.):
полезно
2022-03-08 18:51:30 INFO  Menu:201 - 0 Журнал  -     Код: 4   Название: Vogue   Язык: english   Номер: 15   Дата: 03.2022
2022-03-08 18:51:39 INFO  Menu:201 - 0 Неверный код журнала
2022-03-08 18:51:44 INFO  Menu:201 - 0 Отзывы (4, Vogue):
Отзывов нет
2022-03-08 18:52:13 INFO  Menu:201 - 0 Отзыв успешно добавлен
2022-03-08 18:52:18 INFO  Menu:201 - 0 Отзывы (4, Vogue):
модно
2022-03-08 18:54:11 INFO  ClientMenu:114 - 0 Регистрация и вход в систему прошли успешно. Роль: читатель
2022-03-08 18:54:18 INFO  Menu:201 - 0 ФИО: Иванов Иван     Пароль: vvvv0000   E-mail: van@mail.ru   Возраст: 100   Дата регистрации: 2022-03-08 18:54:11   Статус: Начинающий
2022-03-08 18:54:32 INFO  Menu:201 - 0 Изменения приняты
2022-03-08 18:54:34 INFO  Menu:201 - 0 ФИО: Иванов Иван     Пароль: vvvv1111   E-mail: van@mail.ru   Возраст: 100   Дата регистрации: 2022-03-08 18:54:11   Статус: Начинающий
2022-03-08 18:54:40 INFO  Menu:201 - 0 Успешное удаление
2022-03-08 18:56:14 INFO  AdminMenu:38 - 0 Успешный вход в систему. Роль: администратор.
2022-03-08 18:56:25 INFO  Menu:201 - 0 Изменения приняты
2022-03-08 18:56:28 INFO  Menu:201 - 0 ФИО: admin admin     Пароль: admin123
2022-03-08 18:56:44 INFO  Menu:201 - 0 Изменения приняты
2022-03-08 18:56:46 INFO  Menu:201 - 0 ФИО: admin adminnnn     Пароль: admin123
2022-03-08 18:57:05 INFO  Menu:201 - 0 Изменения приняты
2022-03-08 18:57:06 INFO  Menu:201 - 0 ФИО: admin adminnnn     Пароль: aaaa1234
2022-03-08 18:57:24 INFO  AdminMenu:38 - 0 Успешный вход в систему. Роль: администратор.
2022-03-08 19:00:47 INFO  AdminMenu:38 - 0 Успешный вход в систему. Роль: администратор.
2022-03-08 19:00:50 INFO  Menu:201 - 0 ФИО: admin adminnnn     Пароль: aaaa1234
2022-03-08 19:00:57 INFO  Menu:201 - 0 Название: E-Library   URL: http://elibrary.com   e-mail: e-library@gmail.com
2022-03-08 19:02:00 INFO  Menu:201 - 0 Изменения приняты
2022-03-08 19:02:03 INFO  Menu:201 - 0 Название: E library for all   URL: http://elibrary.com   e-mail: elibrary@mail.ru
2022-03-08 19:02:33 INFO  Menu:201 - 0 ФИО: Ivanov Ivan длорпав    Пароль: aaaa1111   E-mail: a@a.a   Возраст: 15   Дата регистрации: 2022-03-08 18:41:58   Статус: Начинающий
ФИО: Petrov Petr Petrovich    Пароль: Petr1234   E-mail: petr@gmail.com   Возраст: 69   Дата регистрации: 2001-09-09 05:46:40   Статус: Постоянный_читатель
2022-03-08 19:02:51 INFO  Menu:201 - 0 Изменения приняты
2022-03-08 19:02:54 INFO  Menu:201 - 0 ФИО: Ivanov Ivan длорпав    Пароль: aaaa1111   E-mail: a@a.a   Возраст: 15   Дата регистрации: 2022-03-08 18:41:58   Статус: Посетитель
ФИО: Petrov Petr Petrovich    Пароль: Petr1234   E-mail: petr@gmail.com   Возраст: 69   Дата регистрации: 2001-09-09 05:46:40   Статус: Постоянный_читатель
2022-03-08 19:03:08 INFO  Menu:201 - 0 Успешное удаление
2022-03-08 19:03:32 INFO  Menu:201 - 0 ФИО: Petrov Petr Petrovich    Пароль: Petr1234   E-mail: petr@gmail.com   Возраст: 69   Дата регистрации: 2001-09-09 05:46:40   Статус: Постоянный_читатель
2022-03-08 19:06:58 INFO  Menu:201 - 0 Книга  -     Код: 2   Название: Война и мир   Язык: русский   Автор: Толстой Л.Н.   [2] Жанр: Роман  (описание: художественное произведение большого объема)
Книга  -     Код: 1   Название: Хирургия   Язык: русский   Автор: Чехов А.П.   [1] Жанр: Юмор  (описание: смешное художественное произведение)
2022-03-08 19:07:04 INFO  Menu:201 - 0 Неверный код книги
2022-03-08 19:07:08 INFO  Menu:201 - 0 Отзывы (2, Война и мир):
Отзывов нет
2022-03-08 19:07:14 INFO  Menu:201 - 0 Отзывы (1, Хирургия):
good
тшсу
2022-03-08 19:07:34 INFO  Menu:201 - 0 Книга успешно добавлена
2022-03-08 19:07:38 INFO  Menu:201 - 0 Книга  -     Код: 5   Название: dfgf  dfggg   Язык: hgd   Автор: dfrgrg gbr rbr   [2] Жанр: Роман  (описание: художественное произведение большого объема)
Книга  -     Код: 2   Название: Война и мир   Язык: русский   Автор: Толстой Л.Н.   [2] Жанр: Роман  (описание: художественное произведение большого объема)
Книга  -     Код: 1   Название: Хирургия   Язык: русский   Автор: Чехов А.П.   [1] Жанр: Юмор  (описание: смешное художественное произведение)
2022-03-08 19:07:57 INFO  Menu:201 - 0 Жанр успешно добавлен
2022-03-08 19:07:57 INFO  Menu:201 - 0 Книга успешно добавлена
2022-03-08 19:08:00 INFO  Menu:201 - 0 Книга  -     Код: 5   Название: dfgf  dfggg   Язык: hgd   Автор: dfrgrg gbr rbr   [2] Жанр: Роман  (описание: художественное произведение большого объема)
Книга  -     Код: 6   Название: rgrtg gtge   Язык: eg   Автор: ege   [3] Жанр: etge ege rggerg refer erge rge   (описание: vvr gege)
Книга  -     Код: 2   Название: Война и мир   Язык: русский   Автор: Толстой Л.Н.   [2] Жанр: Роман  (описание: художественное произведение большого объема)
Книга  -     Код: 1   Название: Хирургия   Язык: русский   Автор: Чехов А.П.   [1] Жанр: Юмор  (описание: смешное художественное произведение)
2022-03-08 19:08:25 INFO  Menu:201 - 0 Книга  -     Код: 5   Название: dfgf  dfggg   Язык: hgd   Автор: dfrgrg gbr rbr   [2] Жанр: Роман  (описание: художественное произведение большого объема)
Книга  -     Код: 6   Название: rgrtg gtge   Язык: eg   Автор: ege   [3] Жанр: etge ege rggerg refer erge rge   (описание: vvr gege)
Книга  -     Код: 2   Название: Война и мир   Язык: русский   Автор: Толстой Л.Н.   [2] Жанр: Роман  (описание: художественное произведение большого объема)
Книга  -     Код: 1   Название: Хирургия   Язык: русский   Автор: Чехов А.П.   [1] Жанр: Юмор  (описание: смешное художественное произведение)
2022-03-08 19:08:35 INFO  Menu:201 - 0 Отзывы (6, rgrtg gtge):
Отзывов нет
2022-03-08 19:10:44 INFO  Menu:201 - 0 Книга  -     Код: 5   Название: dfgf  dfggg   Язык: hgd   Автор: dfrgrg gbr rbr   [2] Жанр: Роман  (описание: художественное произведение большого объема)
Книга  -     Код: 6   Название: rgrtg gtge   Язык: eg   Автор: ege   [3] Жанр: etge ege rggerg refer erge rge   (описание: vvr gege)
Книга  -     Код: 2   Название: Война и мир   Язык: русский   Автор: Толстой Л.Н.   [2] Жанр: Роман  (описание: художественное произведение большого объема)
Книга  -     Код: 1   Название: Хирургия   Язык: русский   Автор: Чехов А.П.   [1] Жанр: Юмор  (описание: смешное художественное произведение)
2022-03-08 19:10:47 INFO  Menu:201 - 0 Успешное удаление
2022-03-08 19:10:51 INFO  Menu:201 - 0 Книга  -     Код: 5   Название: dfgf  dfggg   Язык: hgd   Автор: dfrgrg gbr rbr   [2] Жанр: Роман  (описание: художественное произведение большого объема)
Книга  -     Код: 2   Название: Война и мир   Язык: русский   Автор: Толстой Л.Н.   [2] Жанр: Роман  (описание: художественное произведение большого объема)
Книга  -     Код: 1   Название: Хирургия   Язык: русский   Автор: Чехов А.П.   [1] Жанр: Юмор  (описание: смешное художественное произведение)
2022-03-08 19:10:55 INFO  Menu:201 - 0 Отзывы (5, dfgf  dfggg):
Отзывов нет
2022-03-08 19:11:00 INFO  Menu:201 - 0 Учебное пособие  -     Код: 3   Название: Биология 5 кл.   Язык: русский   Предмет: Биология   Тип: Учебник   Автор: Автор1 А.Б., Автор2 В.Г.
2022-03-08 19:11:04 INFO  Menu:201 - 0 Неверный код учебного материала
2022-03-08 19:11:10 INFO  Menu:201 - 0 Отзывы (3, Биология 5 кл.):
полезно
2022-03-08 19:11:28 INFO  Menu:201 - 0 Учебный материал успешно добавлен
2022-03-08 19:11:31 INFO  Menu:201 - 0 Учебное пособие  -     Код: 7   Название: fgd   Язык: fg   Предмет: Языки   Тип: Методическое_пособие   Автор: dggggggg dggd
Учебное пособие  -     Код: 3   Название: Биология 5 кл.   Язык: русский   Предмет: Биология   Тип: Учебник   Автор: Автор1 А.Б., Автор2 В.Г.
2022-03-08 19:11:43 INFO  Menu:201 - 0 Отзывы (7, fgd):
Отзывов нет
2022-03-08 19:11:55 INFO  Menu:201 - 0 Успешное удаление
2022-03-08 19:12:10 INFO  Menu:201 - 0 Журнал  -     Код: 4   Название: Vogue   Язык: english   Номер: 15   Дата: 03.2022
2022-03-08 19:12:15 INFO  Menu:201 - 0 Отзывы (4, Vogue):
модно
2022-03-08 19:12:19 INFO  Menu:201 - 0 Неверный код журнала
2022-03-08 19:12:41 INFO  Menu:201 - 0 Журнал  -     Код: 4   Название: Vogue   Язык: english   Номер: 15   Дата: 03.2022
2022-03-08 19:12:59 INFO  Menu:201 - 0 Журнал успешно добавлен
2022-03-08 19:13:11 INFO  Menu:201 - 0 Журнал  -     Код: 4   Название: Vogue   Язык: english   Номер: 15   Дата: 03.2022
Журнал  -     Код: 8   Название: dg dg   Язык: ge   Номер: 45   Дата: 07.2022
2022-03-08 19:14:17 INFO  Menu:201 - 0 Журнал успешно добавлен
2022-03-08 19:14:20 INFO  Menu:201 - 0 Журнал  -     Код: 4   Название: Vogue   Язык: english   Номер: 15   Дата: 03.2022
Журнал  -     Код: 8   Название: dg dg   Язык: ge   Номер: 45   Дата: 07.2022
Журнал  -     Код: 9   Название: hgfd   Язык: tef   Номер: 45   Дата: 08.2020
2022-03-08 19:14:33 INFO  Menu:201 - 0 Успешное удаление
2022-03-08 19:14:36 INFO  Menu:201 - 0 Журнал  -     Код: 4   Название: Vogue   Язык: english   Номер: 15   Дата: 03.2022
Журнал  -     Код: 9   Название: hgfd   Язык: tef   Номер: 45   Дата: 08.2020
2022-03-08 19:15:30 INFO  AdminMenu:38 - 0 Успешный вход в систему. Роль: администратор.
2022-03-08 19:15:47 INFO  Menu:201 - 0 Изменения приняты
2022-03-08 19:15:50 INFO  Menu:201 - 0 ФИО: admin admin     Пароль: aaaa1234
2022-03-08 19:19:37 INFO  AdminMenu:38 - 0 Успешный вход в систему. Роль: администратор.
2022-03-08 19:19:50 INFO  Menu:201 - 0 Изменения приняты
2022-03-08 19:19:52 INFO  Menu:201 - 0 ФИО: admin admin     Пароль: aaaa1234
2022-03-08 19:20:05 INFO  AdminMenu:38 - 0 Успешный вход в систему. Роль: администратор.
2022-03-08 19:20:26 INFO  Menu:201 - 0 Журнал успешно добавлен
2022-03-08 19:20:27 INFO  Menu:201 - 0 Журнал  -     Код: 4   Название: Vogue   Язык: english   Номер: 15   Дата: 03.2022
Журнал  -     Код: 5   Название: gdf   Язык: gdfs   Номер: 4   Дата: 04.2020
